<?xml version="1.0" encoding="UTF-8"?>
<testng-results skipped="0" failed="0" total="1" passed="1">
  <reporter-output>
  </reporter-output>
  <suite name="Default suite" duration-ms="26357" started-at="2018-01-16T12:16:57Z" finished-at="2018-01-16T12:17:23Z">
    <groups>
    </groups>
    <test name="Default test" duration-ms="26357" started-at="2018-01-16T12:16:57Z" finished-at="2018-01-16T12:17:23Z">
      <class name="erail1.ticketavailability">
        <test-method status="PASS" signature="availability()[pri:0, instance:erail1.ticketavailability@39c0f4a]" name="availability" is-config="true" duration-ms="12354" started-at="2018-01-16T17:46:57Z" finished-at="2018-01-16T17:47:09Z">
          <reporter-output>
          </reporter-output>
        </test-method> <!-- availability -->
        <test-method status="PASS" signature="availability1()[pri:0, instance:erail1.ticketavailability@39c0f4a]" name="availability1" duration-ms="13992" started-at="2018-01-16T17:47:09Z" finished-at="2018-01-16T17:47:23Z">
          <reporter-output>
          </reporter-output>
        </test-method> <!-- availability1 -->
        <test-method status="PASS" signature="availability2()[pri:0, instance:erail1.ticketavailability@39c0f4a]" name="availability2" is-config="true" duration-ms="0" started-at="2018-01-16T17:47:23Z" finished-at="2018-01-16T17:47:23Z">
          <reporter-output>
          </reporter-output>
        </test-method> <!-- availability2 -->
      </class> <!-- erail1.ticketavailability -->
    </test> <!-- Default test -->
  </suite> <!-- Default suite -->
</testng-results>
